<?xml version="1.0" encoding="UTF-8"?>
<!-- Generated by org.testng.reporters.JUnitXMLReporter -->
<testsuite hostname="NILESH-PC" ignored="1" name="Avactis Login Page Test" tests="6" failures="1" timestamp="05 Feb 2019 12:45:02 GMT" time="55.642" errors="0">
  <testcase name="verifyInvalidLogin" time="6.107" classname="com.UserTest.LoginTest"/>
  <testcase name="verifyNavigate_To_Ragistration" time="3.063" classname="com.UserTest.LoginTest"/>
  <testcase name="verifyPassword_Feild_Masking" time="2.715" classname="com.UserTest.LoginTest"/>
  <testcase name="verifyUserLoggedIn" time="11.088" classname="com.UserTest.LoginTest"/>
  <testcase name="verifyValidLogin" time="5.511" classname="com.UserTest.LoginTest">
    <failure type="java.lang.AssertionError" message="expected [true] but found [false]">
      <![CDATA[java.lang.AssertionError: expected [true] but found [false]
at com.UserTest.LoginTest.verifyValidLogin(LoginTest.java:39)
... Removed 29 stack frames]]>
    </failure>
  </testcase> <!-- verifyValidLogin -->
  <testcase name="verifyValidation_Message" time="7.914" classname="com.UserTest.RegistrationTest"/>
  <testcase name="@BeforeSuite extentSetUp" time="0.0" classname="avactis.testbase.Testbase">
    <ignored/>
  </testcase> <!-- @BeforeSuite extentSetUp -->
</testsuite> <!-- Avactis Login Page Test -->
